#
# There is insufficient memory for the Java Runtime Environment to continue.
# Native memory allocation (malloc) failed to allocate 550368 bytes for Chunk::new
# Possible reasons:
#   The system is out of physical RAM or swap space
#   The process is running with CompressedOops enabled, and the Java Heap may be blocking the growth of the native heap
# Possible solutions:
#   Reduce memory load on the system
#   Increase physical memory or swap space
#   Check if swap backing store is full
#   Decrease Java heap size (-Xmx/-Xms)
#   Decrease number of Java threads
#   Decrease Java thread stack sizes (-Xss)
#   Set larger code cache with -XX:ReservedCodeCacheSize=
#   JVM is running with Zero Based Compressed Oops mode in which the Java heap is
#     placed in the first 32GB address space. The Java Heap base address is the
#     maximum limit for the native heap growth. Please use -XX:HeapBaseMinAddress
#     to set the Java Heap base and to place the Java Heap above 32GB virtual address.
# This output file may be truncated or incomplete.
#
#  Out of Memory Error (arena.cpp:195), pid=22740, tid=25776
#
# JRE version: Java(TM) SE Runtime Environment (16.0.2+7) (build 16.0.2+7-67)
# Java VM: Java HotSpot(TM) 64-Bit Server VM (16.0.2+7-67, mixed mode, sharing, tiered, compressed oops, compressed class ptrs, g1 gc, windows-amd64)
# No core dump will be written. Minidumps are not enabled by default on client versions of Windows
#

---------------  S U M M A R Y ------------

Command Line: -ea -javaagent:C:\Users\User\.m2\repository/org/aspectj/aspectjweaver/1.9.7/aspectjweaver-1.9.7.jar -Didea.test.cyclic.buffer.size=1048576 -javaagent:D:\IntelliJ IDEA Community Edition 2023.2.1\lib\idea_rt.jar=61988:D:\IntelliJ IDEA Community Edition 2023.2.1\bin -Dfile.encoding=UTF-8 com.intellij.rt.junit.JUnitStarter -ideVersion5 -junit5 tests.loans.positive.CarLoansPositiveTest

Host: AMD Ryzen 5 4600H with Radeon Graphics         , 12 cores, 15G,  Windows 10 , 64 bit Build 22621 (10.0.22621.2070)
Time: Tue Aug 29 13:44:26 2023  Windows 10 , 64 bit Build 22621 (10.0.22621.2070) elapsed time: 18.247200 seconds (0d 0h 0m 18s)

---------------  T H R E A D  ---------------

Current thread (0x000001bdc7f7eba0):  JavaThread "C2 CompilerThread0" daemon [_thread_in_native, id=25776, stack(0x0000008e9bd00000,0x0000008e9be00000)]


Current CompileTask:
C2:  18247 4029       4       org.aspectj.weaver.bcel.AtAjAttributes::getAnnotation (55 bytes)

Stack: [0x0000008e9bd00000,0x0000008e9be00000]
Native frames: (J=compiled Java code, j=interpreted, Vv=VM code, C=native code)
V  [jvm.dll+0x6681ca]
V  [jvm.dll+0x7c9e69]
V  [jvm.dll+0x7cb61e]
V  [jvm.dll+0x7cbc73]
V  [jvm.dll+0x242c55]
V  [jvm.dll+0xadeba]
V  [jvm.dll+0xae45c]
V  [jvm.dll+0x35a8d7]
V  [jvm.dll+0x324de1]
V  [jvm.dll+0x32428a]
V  [jvm.dll+0x215cec]
V  [jvm.dll+0x215100]
V  [jvm.dll+0x1a1beb]
V  [jvm.dll+0x225158]
V  [jvm.dll+0x22319c]
V  [jvm.dll+0x77fa62]
V  [jvm.dll+0x7795aa]
V  [jvm.dll+0x667066]
C  [ucrtbase.dll+0x29363]
C  [KERNEL32.DLL+0x126ad]
C  [ntdll.dll+0x5aa68]


---------------  P R O C E S S  ---------------

Threads class SMR info:
_java_thread_list=0x000001bdcb3b0c20, length=24, elements={
0x000001bda541bc80, 0x000001bdc7f65ed0, 0x000001bdc7f668d0, 0x000001bdc7f7a0a0,
0x000001bdc7f7c9c0, 0x000001bdc7f7d3c0, 0x000001bdc7f7ddc0, 0x000001bdc7f7eba0,
0x000001bdc7f7f690, 0x000001bdc7f800d0, 0x000001bdc7f476f0, 0x000001bdc958d080,
0x000001bdc958d5a0, 0x000001bdcec572c0, 0x000001bdc9ede2e0, 0x000001bdc9edb860,
0x000001bdc9edadc0, 0x000001bdc9edbdb0, 0x000001bdc9edc850, 0x000001bdc9edcda0,
0x000001bdc9edd2f0, 0x000001bdc9edd840, 0x000001bdc9eddd90, 0x000001bdc975cb00
}

Java Threads: ( => current thread )
  0x000001bda541bc80 JavaThread "main" [_thread_blocked, id=24828, stack(0x0000008e9b000000,0x0000008e9b100000)]
  0x000001bdc7f65ed0 JavaThread "Reference Handler" daemon [_thread_blocked, id=15556, stack(0x0000008e9b700000,0x0000008e9b800000)]
  0x000001bdc7f668d0 JavaThread "Finalizer" daemon [_thread_blocked, id=27476, stack(0x0000008e9b800000,0x0000008e9b900000)]
  0x000001bdc7f7a0a0 JavaThread "Signal Dispatcher" daemon [_thread_blocked, id=30348, stack(0x0000008e9b900000,0x0000008e9ba00000)]
  0x000001bdc7f7c9c0 JavaThread "Attach Listener" daemon [_thread_blocked, id=29488, stack(0x0000008e9ba00000,0x0000008e9bb00000)]
  0x000001bdc7f7d3c0 JavaThread "Service Thread" daemon [_thread_blocked, id=2768, stack(0x0000008e9bb00000,0x0000008e9bc00000)]
  0x000001bdc7f7ddc0 JavaThread "Monitor Deflation Thread" daemon [_thread_blocked, id=11212, stack(0x0000008e9bc00000,0x0000008e9bd00000)]
=>0x000001bdc7f7eba0 JavaThread "C2 CompilerThread0" daemon [_thread_in_native, id=25776, stack(0x0000008e9bd00000,0x0000008e9be00000)]
  0x000001bdc7f7f690 JavaThread "C1 CompilerThread0" daemon [_thread_blocked, id=25668, stack(0x0000008e9be00000,0x0000008e9bf00000)]
  0x000001bdc7f800d0 JavaThread "Sweeper thread" daemon [_thread_blocked, id=27048, stack(0x0000008e9bf00000,0x0000008e9c000000)]
  0x000001bdc7f476f0 JavaThread "Common-Cleaner" daemon [_thread_blocked, id=32020, stack(0x0000008e9c000000,0x0000008e9c100000)]
  0x000001bdc958d080 JavaThread "Monitor Ctrl-Break" daemon [_thread_in_native, id=32284, stack(0x0000008e9c200000,0x0000008e9c300000)]
  0x000001bdc958d5a0 JavaThread "Notification Thread" daemon [_thread_blocked, id=33384, stack(0x0000008e9c300000,0x0000008e9c400000)]
  0x000001bdcec572c0 JavaThread "ForkJoinPool-1-worker-3" daemon [_thread_in_vm, id=7868, stack(0x0000008e9ce00000,0x0000008e9cf00000)]
  0x000001bdc9ede2e0 JavaThread "ForkJoinPool-1-worker-1" daemon [_thread_blocked, id=26944, stack(0x0000008e9d000000,0x0000008e9d100000)]
  0x000001bdc9edb860 JavaThread "AsyncHttpClient-1-1" daemon [_thread_blocked, id=21808, stack(0x0000008e9d300000,0x0000008e9d400000)]
  0x000001bdc9edadc0 JavaThread "Exec Default Executor" daemon [_thread_in_native, id=26828, stack(0x0000008e9d400000,0x0000008e9d500000)]
  0x000001bdc9edbdb0 JavaThread "Exec Stream Pumper" daemon [_thread_in_native, id=24544, stack(0x0000008e9d500000,0x0000008e9d600000)]
  0x000001bdc9edc850 JavaThread "Exec Stream Pumper" daemon [_thread_in_native, id=27392, stack(0x0000008e9d600000,0x0000008e9d700000)]
  0x000001bdc9edcda0 JavaThread "Driver Service Executor" daemon [_thread_blocked, id=21740, stack(0x0000008e9d700000,0x0000008e9d800000)]
  0x000001bdc9edd2f0 JavaThread "Driver Service Executor" daemon [_thread_blocked, id=12240, stack(0x0000008e9d800000,0x0000008e9d900000)]
  0x000001bdc9edd840 JavaThread "AsyncHttpClient-1-2" daemon [_thread_in_native, id=8008, stack(0x0000008e9da00000,0x0000008e9db00000)]
  0x000001bdc9eddd90 JavaThread "AsyncHttpClient-1-3" daemon [_thread_in_native, id=26140, stack(0x0000008e9db00000,0x0000008e9dc00000)]
  0x000001bdc975cb00 JavaThread "C2 CompilerThread1" daemon [_thread_in_native, id=28988, stack(0x0000008e9c100000,0x0000008e9c200000)]

Other Threads:
  0x000001bdc7f5f830 VMThread "VM Thread" [stack: 0x0000008e9b600000,0x0000008e9b700000] [id=8868]
  0x000001bdc95531c0 WatcherThread [stack: 0x0000008e9c400000,0x0000008e9c500000] [id=29840]
  0x000001bda5468ab0 GCTaskThread "GC Thread#0" [stack: 0x0000008e9b100000,0x0000008e9b200000] [id=18752]
  0x000001bdc94f6f30 GCTaskThread "GC Thread#1" [stack: 0x0000008e9c500000,0x0000008e9c600000] [id=31352]
  0x000001bdc958c6f0 GCTaskThread "GC Thread#2" [stack: 0x0000008e9c600000,0x0000008e9c700000] [id=18640]
  0x000001bdc9547d70 GCTaskThread "GC Thread#3" [stack: 0x0000008e9c700000,0x0000008e9c800000] [id=16900]
  0x000001bdc9592df0 GCTaskThread "GC Thread#4" [stack: 0x0000008e9c800000,0x0000008e9c900000] [id=11228]
  0x000001bdc9594980 GCTaskThread "GC Thread#5" [stack: 0x0000008e9ca00000,0x0000008e9cb00000] [id=26976]
  0x000001bdc9594050 GCTaskThread "GC Thread#6" [stack: 0x0000008e9cb00000,0x0000008e9cc00000] [id=28904]
  0x000001bdc9593100 GCTaskThread "GC Thread#7" [stack: 0x0000008e9cc00000,0x0000008e9cd00000] [id=11112]
  0x000001bdc9593410 GCTaskThread "GC Thread#8" [stack: 0x0000008e9cd00000,0x0000008e9ce00000] [id=32692]
  0x000001bdcc6dd8f0 GCTaskThread "GC Thread#9" [stack: 0x0000008e9cf00000,0x0000008e9d000000] [id=12420]
  0x000001bda547a600 ConcurrentGCThread "G1 Main Marker" [stack: 0x0000008e9b200000,0x0000008e9b300000] [id=9976]
  0x000001bda547b250 ConcurrentGCThread "G1 Conc#0" [stack: 0x0000008e9b300000,0x0000008e9b400000] [id=33308]
  0x000001bdcc6ddc00 ConcurrentGCThread "G1 Conc#1" [stack: 0x0000008e9d100000,0x0000008e9d200000] [id=12400]
  0x000001bdcc6df170 ConcurrentGCThread "G1 Conc#2" [stack: 0x0000008e9d200000,0x0000008e9d300000] [id=19288]
  0x000001bdc7e164f0 ConcurrentGCThread "G1 Refine#0" [stack: 0x0000008e9b400000,0x0000008e9b500000] [id=10436]
  0x000001bdc7e17c30 ConcurrentGCThread "G1 Service" [stack: 0x0000008e9b500000,0x0000008e9b600000] [id=23404]

Threads with active compile tasks:
C2 CompilerThread0    18277 4029       4       org.aspectj.weaver.bcel.AtAjAttributes::getAnnotation (55 bytes)
C1 CompilerThread0    18277 4108       3       io.netty.buffer.AbstractByteBuf::checkIndexBounds (53 bytes)
C2 CompilerThread1    18277 4030   !   4       java.util.concurrent.ConcurrentHashMap::putVal (432 bytes)

VM state: not at safepoint (normal execution)

VM Mutex/Monitor currently owned by a thread: None

Heap address: 0x000000070a000000, size: 3936 MB, Compressed Oops mode: Zero based, Oop shift amount: 3

CDS archive(s) mapped at: [0x0000000800000000-0x0000000800bb0000-0x0000000800bb0000), size 12255232, SharedBaseAddress: 0x0000000800000000, ArchiveRelocationMode: 0.
Compressed class space mapped at: 0x0000000800c00000-0x0000000840c00000, reserved size: 1073741824
Narrow klass base: 0x0000000800000000, Narrow klass shift: 3, Narrow klass range: 0x100000000

GC Precious Log:
 CPUs: 12 total, 12 available
 Memory: 15741M
 Large Page Support: Disabled
 NUMA Support: Disabled
 Compressed Oops: Enabled (Zero based)
 Heap Region Size: 2M
 Heap Min Capacity: 8M
 Heap Initial Capacity: 246M
 Heap Max Capacity: 3936M
 Pre-touch: Disabled
 Parallel Workers: 10
 Concurrent Workers: 3
 Concurrent Refinement Workers: 10
 Periodic GC: Disabled

Heap:
 garbage-first heap   total 151552K, used 83306K [0x000000070a000000, 0x0000000800000000)
  region size 2048K, 18 young (36864K), 2 survivors (4096K)
 Metaspace       used 33003K, committed 33216K, reserved 1081344K
  class space    used 3751K, committed 3840K, reserved 1048576K

Heap Regions: E=young(eden), S=young(survivor), O=old, HS=humongous(starts), HC=humongous(continues), CS=collection set, F=free, OA=open archive, CA=closed archive, TAMS=top-at-mark-start (previous, next)
|   0|0x000000070a000000, 0x000000070a200000, 0x000000070a200000|100%| O|  |TAMS 0x000000070a200000, 0x000000070a000000| Untracked 
|   1|0x000000070a200000, 0x000000070a400000, 0x000000070a400000|100%| O|  |TAMS 0x000000070a400000, 0x000000070a200000| Untracked 
|   2|0x000000070a400000, 0x000000070a600000, 0x000000070a600000|100%| O|  |TAMS 0x000000070a600000, 0x000000070a400000| Untracked 
|   3|0x000000070a600000, 0x000000070a800000, 0x000000070a800000|100%| O|  |TAMS 0x000000070a800000, 0x000000070a600000| Untracked 
|   4|0x000000070a800000, 0x000000070aa00000, 0x000000070aa00000|100%| O|  |TAMS 0x000000070aa00000, 0x000000070a800000| Untracked 
|   5|0x000000070aa00000, 0x000000070ac00000, 0x000000070ac00000|100%| O|  |TAMS 0x000000070ac00000, 0x000000070aa00000| Untracked 
|   6|0x000000070ac00000, 0x000000070ae00000, 0x000000070ae00000|100%| O|  |TAMS 0x000000070adc9400, 0x000000070ac00000| Untracked 
|   7|0x000000070ae00000, 0x000000070b000000, 0x000000070b000000|100%| O|  |TAMS 0x000000070ae00000, 0x000000070ae00000| Untracked 
|   8|0x000000070b000000, 0x000000070b200000, 0x000000070b200000|100%| O|  |TAMS 0x000000070b000000, 0x000000070b000000| Untracked 
|   9|0x000000070b200000, 0x000000070b273000, 0x000000070b400000| 22%| O|  |TAMS 0x000000070b200000, 0x000000070b200000| Untracked 
|  10|0x000000070b400000, 0x000000070b600000, 0x000000070b600000|100%| O|  |TAMS 0x000000070b400000, 0x000000070b400000| Untracked 
|  11|0x000000070b600000, 0x000000070b800000, 0x000000070b800000|100%| O|  |TAMS 0x000000070b600000, 0x000000070b600000| Untracked 
|  12|0x000000070b800000, 0x000000070ba00000, 0x000000070ba00000|100%| O|  |TAMS 0x000000070b800000, 0x000000070b800000| Untracked 
|  13|0x000000070ba00000, 0x000000070bc00000, 0x000000070bc00000|100%| O|  |TAMS 0x000000070ba00000, 0x000000070ba00000| Untracked 
|  14|0x000000070bc00000, 0x000000070be00000, 0x000000070be00000|100%| O|  |TAMS 0x000000070bc00000, 0x000000070bc00000| Untracked 
|  15|0x000000070be00000, 0x000000070c000000, 0x000000070c000000|100%| O|  |TAMS 0x000000070be00000, 0x000000070be00000| Untracked 
|  16|0x000000070c000000, 0x000000070c200000, 0x000000070c200000|100%| O|  |TAMS 0x000000070c000000, 0x000000070c000000| Untracked 
|  17|0x000000070c200000, 0x000000070c400000, 0x000000070c400000|100%| O|  |TAMS 0x000000070c200000, 0x000000070c200000| Untracked 
|  18|0x000000070c400000, 0x000000070c600000, 0x000000070c600000|100%|HS|  |TAMS 0x000000070c400000, 0x000000070c400000| Complete 
|  19|0x000000070c600000, 0x000000070c800000, 0x000000070c800000|100%|HC|  |TAMS 0x000000070c600000, 0x000000070c600000| Complete 
|  20|0x000000070c800000, 0x000000070ca00000, 0x000000070ca00000|100%|HC|  |TAMS 0x000000070c800000, 0x000000070c800000| Complete 
|  21|0x000000070ca00000, 0x000000070cc00000, 0x000000070cc00000|100%| O|  |TAMS 0x000000070ca00000, 0x000000070ca00000| Untracked 
|  22|0x000000070cc00000, 0x000000070cce7a00, 0x000000070ce00000| 45%| O|  |TAMS 0x000000070cc00000, 0x000000070cc00000| Untracked 
|  23|0x000000070ce00000, 0x000000070d000000, 0x000000070d000000|100%| O|  |TAMS 0x000000070ce00000, 0x000000070ce00000| Untracked 
|  24|0x000000070d000000, 0x000000070d200000, 0x000000070d200000|100%| O|  |TAMS 0x000000070d000000, 0x000000070d000000| Untracked 
|  25|0x000000070d200000, 0x000000070d200000, 0x000000070d400000|  0%| F|  |TAMS 0x000000070d200000, 0x000000070d200000| Untracked 
|  26|0x000000070d400000, 0x000000070d400000, 0x000000070d600000|  0%| F|  |TAMS 0x000000070d400000, 0x000000070d400000| Untracked 
|  27|0x000000070d600000, 0x000000070d600000, 0x000000070d800000|  0%| F|  |TAMS 0x000000070d600000, 0x000000070d600000| Untracked 
|  28|0x000000070d800000, 0x000000070d800000, 0x000000070da00000|  0%| F|  |TAMS 0x000000070d800000, 0x000000070d800000| Untracked 
|  29|0x000000070da00000, 0x000000070da00000, 0x000000070dc00000|  0%| F|  |TAMS 0x000000070da00000, 0x000000070da00000| Untracked 
|  30|0x000000070dc00000, 0x000000070dc00000, 0x000000070de00000|  0%| F|  |TAMS 0x000000070dc00000, 0x000000070dc00000| Untracked 
|  31|0x000000070de00000, 0x000000070de00000, 0x000000070e000000|  0%| F|  |TAMS 0x000000070de00000, 0x000000070de00000| Untracked 
|  32|0x000000070e000000, 0x000000070e000000, 0x000000070e200000|  0%| F|  |TAMS 0x000000070e000000, 0x000000070e000000| Untracked 
|  33|0x000000070e200000, 0x000000070e200000, 0x000000070e400000|  0%| F|  |TAMS 0x000000070e200000, 0x000000070e200000| Untracked 
|  34|0x000000070e400000, 0x000000070e400000, 0x000000070e600000|  0%| F|  |TAMS 0x000000070e400000, 0x000000070e400000| Untracked 
|  35|0x000000070e600000, 0x000000070e800000, 0x000000070e800000|100%| S|CS|TAMS 0x000000070e600000, 0x000000070e600000| Complete 
|  36|0x000000070e800000, 0x000000070ea00000, 0x000000070ea00000|100%| S|CS|TAMS 0x000000070e800000, 0x000000070e800000| Complete 
|  37|0x000000070ea00000, 0x000000070ea00000, 0x000000070ec00000|  0%| F|  |TAMS 0x000000070ea00000, 0x000000070ea00000| Untracked 
|  38|0x000000070ec00000, 0x000000070ec00000, 0x000000070ee00000|  0%| F|  |TAMS 0x000000070ec00000, 0x000000070ec00000| Untracked 
|  39|0x000000070ee00000, 0x000000070ee00000, 0x000000070f000000|  0%| F|  |TAMS 0x000000070ee00000, 0x000000070ee00000| Untracked 
|  40|0x000000070f000000, 0x000000070f000000, 0x000000070f200000|  0%| F|  |TAMS 0x000000070f000000, 0x000000070f000000| Untracked 
|  41|0x000000070f200000, 0x000000070f200000, 0x000000070f400000|  0%| F|  |TAMS 0x000000070f200000, 0x000000070f200000| Untracked 
|  42|0x000000070f400000, 0x000000070f400000, 0x000000070f600000|  0%| F|  |TAMS 0x000000070f400000, 0x000000070f400000| Untracked 
|  43|0x000000070f600000, 0x000000070f600000, 0x000000070f800000|  0%| F|  |TAMS 0x000000070f600000, 0x000000070f600000| Untracked 
|  44|0x000000070f800000, 0x000000070f800000, 0x000000070fa00000|  0%| F|  |TAMS 0x000000070f800000, 0x000000070f800000| Untracked 
|  45|0x000000070fa00000, 0x000000070fa00000, 0x000000070fc00000|  0%| F|  |TAMS 0x000000070fa00000, 0x000000070fa00000| Untracked 
|  46|0x000000070fc00000, 0x000000070fc00000, 0x000000070fe00000|  0%| F|  |TAMS 0x000000070fc00000, 0x000000070fc00000| Untracked 
|  47|0x000000070fe00000, 0x000000070fe00000, 0x0000000710000000|  0%| F|  |TAMS 0x000000070fe00000, 0x000000070fe00000| Untracked 
|  48|0x0000000710000000, 0x0000000710000000, 0x0000000710200000|  0%| F|  |TAMS 0x0000000710000000, 0x0000000710000000| Untracked 
|  49|0x0000000710200000, 0x0000000710200000, 0x0000000710400000|  0%| F|  |TAMS 0x0000000710200000, 0x0000000710200000| Untracked 
|  50|0x0000000710400000, 0x0000000710400000, 0x0000000710600000|  0%| F|  |TAMS 0x0000000710400000, 0x0000000710400000| Untracked 
|  51|0x0000000710600000, 0x0000000710600000, 0x0000000710800000|  0%| F|  |TAMS 0x0000000710600000, 0x0000000710600000| Untracked 
|  52|0x0000000710800000, 0x0000000710800000, 0x0000000710a00000|  0%| F|  |TAMS 0x0000000710800000, 0x0000000710800000| Untracked 
|  53|0x0000000710a00000, 0x0000000710a00000, 0x0000000710c00000|  0%| F|  |TAMS 0x0000000710a00000, 0x0000000710a00000| Untracked 
|  54|0x0000000710c00000, 0x0000000710c00000, 0x0000000710e00000|  0%| F|  |TAMS 0x0000000710c00000, 0x0000000710c00000| Untracked 
|  55|0x0000000710e00000, 0x0000000710e00000, 0x0000000711000000|  0%| F|  |TAMS 0x0000000710e00000, 0x0000000710e00000| Untracked 
|  56|0x0000000711000000, 0x0000000711000000, 0x0000000711200000|  0%| F|  |TAMS 0x0000000711000000, 0x0000000711000000| Untracked 
|  57|0x0000000711200000, 0x0000000711200000, 0x0000000711400000|  0%| F|  |TAMS 0x0000000711200000, 0x0000000711200000| Untracked 
|  58|0x0000000711400000, 0x00000007114c1530, 0x0000000711600000| 37%| E|  |TAMS 0x0000000711400000, 0x0000000711400000| Complete 
|  59|0x0000000711600000, 0x0000000711800000, 0x0000000711800000|100%| E|CS|TAMS 0x0000000711600000, 0x0000000711600000| Complete 
|  60|0x0000000711800000, 0x0000000711a00000, 0x0000000711a00000|100%| E|CS|TAMS 0x0000000711800000, 0x0000000711800000| Complete 
|  61|0x0000000711a00000, 0x0000000711c00000, 0x0000000711c00000|100%| E|CS|TAMS 0x0000000711a00000, 0x0000000711a00000| Complete 
|  62|0x0000000711c00000, 0x0000000711e00000, 0x0000000711e00000|100%| E|CS|TAMS 0x0000000711c00000, 0x0000000711c00000| Complete 
|  63|0x0000000711e00000, 0x0000000712000000, 0x0000000712000000|100%| E|CS|TAMS 0x0000000711e00000, 0x0000000711e00000| Complete 
|  64|0x0000000712000000, 0x0000000712200000, 0x0000000712200000|100%| E|CS|TAMS 0x0000000712000000, 0x0000000712000000| Complete 
|  65|0x0000000712200000, 0x0000000712400000, 0x0000000712400000|100%| E|CS|TAMS 0x0000000712200000, 0x0000000712200000| Complete 
|  66|0x0000000712400000, 0x0000000712600000, 0x0000000712600000|100%| E|CS|TAMS 0x0000000712400000, 0x0000000712400000| Complete 
| 101|0x0000000716a00000, 0x0000000716c00000, 0x0000000716c00000|100%| E|CS|TAMS 0x0000000716a00000, 0x0000000716a00000| Complete 
| 102|0x0000000716c00000, 0x0000000716e00000, 0x0000000716e00000|100%| E|CS|TAMS 0x0000000716c00000, 0x0000000716c00000| Complete 
| 103|0x0000000716e00000, 0x0000000717000000, 0x0000000717000000|100%| E|CS|TAMS 0x0000000716e00000, 0x0000000716e00000| Complete 
| 104|0x0000000717000000, 0x0000000717200000, 0x0000000717200000|100%| E|CS|TAMS 0x0000000717000000, 0x0000000717000000| Complete 
| 105|0x0000000717200000, 0x0000000717400000, 0x0000000717400000|100%| E|CS|TAMS 0x0000000717200000, 0x0000000717200000| Complete 
| 106|0x0000000717400000, 0x0000000717600000, 0x0000000717600000|100%| E|CS|TAMS 0x0000000717400000, 0x0000000717400000| Complete 
| 122|0x0000000719400000, 0x0000000719600000, 0x0000000719600000|100%| E|CS|TAMS 0x0000000719400000, 0x0000000719400000| Complete 

Card table byte_map: [0x000001bdbc890000,0x000001bdbd040000] _byte_map_base: 0x000001bdb9040000

Marking Bits (Prev, Next): (CMBitMap*) 0x000001bda546a5f0, (CMBitMap*) 0x000001bda546a5b0
 Prev Bits: [0x000001bdc1570000, 0x000001bdc52f0000)
 Next Bits: [0x000001bdbd7f0000, 0x000001bdc1570000)

Polling page: 0x000001bda33c0000

Metaspace:

Usage:
  Non-class:     28.57 MB used.
      Class:      3.66 MB used.
       Both:     32.23 MB used.

Virtual space:
  Non-class space:       32.00 MB reserved,      28.69 MB ( 90%) committed,  4 nodes.
      Class space:        1.00 GB reserved,       3.75 MB ( <1%) committed,  1 nodes.
              Both:        1.03 GB reserved,      32.44 MB (  3%) committed. 

Chunk freelists:
   Non-Class:  3.28 MB
       Class:  256.00 KB
        Both:  3.53 MB

MaxMetaspaceSize: 17179869184.00 GB
CompressedClassSpaceSize: 1.00 GB
 - commit_granule_bytes: 65536.
 - commit_granule_words: 8192.
 - virtual_space_node_default_size: 1048576.
 - enlarge_chunks_in_place: 1.
 - new_chunks_are_fully_committed: 0.
 - uncommit_free_chunks: 1.
 - use_allocation_guard: 0.
 - handle_deallocations: 1.


Internal statistics:

num_allocs_failed_limit: 3.
num_arena_births: 206.
num_arena_deaths: 0.
num_vsnodes_births: 5.
num_vsnodes_deaths: 0.
num_space_committed: 519.
num_space_uncommitted: 0.
num_chunks_returned_to_freelist: 3.
num_chunks_taken_from_freelist: 1069.
num_chunk_merges: 0.
num_chunk_splits: 782.
num_chunks_enlarged: 668.
num_purges: 0.

CodeHeap 'non-profiled nmethods': size=120000Kb used=3014Kb max_used=3014Kb free=116985Kb
 bounds [0x000001bdb4650000, 0x000001bdb4950000, 0x000001bdbbb80000]
CodeHeap 'profiled nmethods': size=120000Kb used=7377Kb max_used=7377Kb free=112622Kb
 bounds [0x000001bdad120000, 0x000001bdad860000, 0x000001bdb4650000]
CodeHeap 'non-nmethods': size=5760Kb used=1299Kb max_used=1360Kb free=4461Kb
 bounds [0x000001bdacb80000, 0x000001bdacdf0000, 0x000001bdad120000]
 total_blobs=4157 nmethods=3549 adapters=520
 compilation: enabled
              stopped_count=0, restarted_count=0
 full_count=0

Compilation events (20 events):
Event: 18.234 Thread 0x000001bdc7f7f690 nmethod 4034 0x000001bdad41e810 code [0x000001bdad41ed20, 0x000001bdad421da8]
Event: 18.234 Thread 0x000001bdc7f7f690 4035       3       io.qameta.allure.internal.shadowed.jackson.databind.util.internal.PrivateMaxEntriesMap::readBufferIndex (7 bytes)
Event: 18.234 Thread 0x000001bdc7f7f690 nmethod 4035 0x000001bdad60bf10 code [0x000001bdad60c0a0, 0x000001bdad60c198]
Event: 18.234 Thread 0x000001bdc7f7f690 4036       1       io.qameta.allure.internal.shadowed.jackson.databind.util.internal.PrivateMaxEntriesMap$Node::setNext (6 bytes)
Event: 18.234 Thread 0x000001bdc7f7f690 nmethod 4036 0x000001bdb493df10 code [0x000001bdb493e0a0, 0x000001bdb493e1b8]
Event: 18.234 Thread 0x000001bdc7f7f690 4037       1       io.qameta.allure.internal.shadowed.jackson.databind.util.internal.PrivateMaxEntriesMap$Node::setPrevious (6 bytes)
Event: 18.234 Thread 0x000001bdc7f7f690 nmethod 4037 0x000001bdb493e210 code [0x000001bdb493e3a0, 0x000001bdb493e4b8]
Event: 18.239 Thread 0x000001bdc7f7f690 4039       1       io.qameta.allure.internal.shadowed.jackson.databind.cfg.BaseSettings::getAnnotationIntrospector (5 bytes)
Event: 18.239 Thread 0x000001bdc7f7f690 nmethod 4039 0x000001bdb493e510 code [0x000001bdb493e6a0, 0x000001bdb493e778]
Event: 18.239 Thread 0x000001bdc7f7f690 4040       3       java.lang.invoke.VarHandleGuards::guard_LI_L (152 bytes)
Event: 18.243 Thread 0x000001bdc7f7f690 nmethod 4040 0x000001bdad419d90 code [0x000001bdad41a2e0, 0x000001bdad41d7a8]
Event: 18.243 Thread 0x000001bdc7f7f690 4041       3       java.util.concurrent.atomic.AtomicLongArray::lazySet (13 bytes)
Event: 18.244 Thread 0x000001bdc7f7f690 nmethod 4041 0x000001bdad419110 code [0x000001bdad419320, 0x000001bdad419b18]
Event: 18.244 Thread 0x000001bdc7f7f690 4042       1       io.qameta.allure.internal.shadowed.jackson.databind.util.internal.PrivateMaxEntriesMap$Node::getPrevious (5 bytes)
Event: 18.244 Thread 0x000001bdc7f7f690 nmethod 4042 0x000001bdb493eb10 code [0x000001bdb493eca0, 0x000001bdb493ed78]
Event: 18.244 Thread 0x000001bdc7f7f690 4043       3       sun.reflect.generics.visitor.Reifier::make (9 bytes)
Event: 18.244 Thread 0x000001bdc7f7f690 nmethod 4043 0x000001bdad60ba10 code [0x000001bdad60bbc0, 0x000001bdad60be38]
Event: 18.244 Thread 0x000001bdc7f7f690 4044       3       sun.reflect.generics.visitor.Reifier::<init> (10 bytes)
Event: 18.244 Thread 0x000001bdc7f7f690 nmethod 4044 0x000001bdad418d10 code [0x000001bdad418ec0, 0x000001bdad419078]
Event: 18.244 Thread 0x000001bdc7f7f690 4045       3       sun.reflect.generics.visitor.Reifier::getResult (26 bytes)

GC Heap History (16 events):
Event: 0.906 GC heap before
{Heap before GC invocations=0 (full 0):
 garbage-first heap   total 251904K, used 20480K [0x000000070a000000, 0x0000000800000000)
  region size 2048K, 11 young (22528K), 0 survivors (0K)
 Metaspace       used 6481K, committed 6656K, reserved 1056768K
  class space    used 581K, committed 704K, reserved 1048576K
}
Event: 0.911 GC heap after
{Heap after GC invocations=1 (full 0):
 garbage-first heap   total 251904K, used 5045K [0x000000070a000000, 0x0000000800000000)
  region size 2048K, 2 young (4096K), 2 survivors (4096K)
 Metaspace       used 6481K, committed 6656K, reserved 1056768K
  class space    used 581K, committed 704K, reserved 1048576K
}
Event: 1.471 GC heap before
{Heap before GC invocations=1 (full 0):
 garbage-first heap   total 251904K, used 35765K [0x000000070a000000, 0x0000000800000000)
  region size 2048K, 17 young (34816K), 2 survivors (4096K)
 Metaspace       used 9122K, committed 9280K, reserved 1064960K
  class space    used 788K, committed 896K, reserved 1048576K
}
Event: 1.498 GC heap after
{Heap after GC invocations=2 (full 0):
 garbage-first heap   total 251904K, used 12349K [0x000000070a000000, 0x0000000800000000)
  region size 2048K, 3 young (6144K), 3 survivors (6144K)
 Metaspace       used 9122K, committed 9280K, reserved 1064960K
  class space    used 788K, committed 896K, reserved 1048576K
}
Event: 2.315 GC heap before
{Heap before GC invocations=2 (full 0):
 garbage-first heap   total 251904K, used 67645K [0x000000070a000000, 0x0000000800000000)
  region size 2048K, 30 young (61440K), 3 survivors (6144K)
 Metaspace       used 12288K, committed 12416K, reserved 1064960K
  class space    used 1055K, committed 1088K, reserved 1048576K
}
Event: 2.342 GC heap after
{Heap after GC invocations=3 (full 0):
 garbage-first heap   total 251904K, used 18171K [0x000000070a000000, 0x0000000800000000)
  region size 2048K, 3 young (6144K), 3 survivors (6144K)
 Metaspace       used 12288K, committed 12416K, reserved 1064960K
  class space    used 1055K, committed 1088K, reserved 1048576K
}
Event: 4.881 GC heap before
{Heap before GC invocations=3 (full 0):
 garbage-first heap   total 251904K, used 104187K [0x000000070a000000, 0x0000000800000000)
  region size 2048K, 45 young (92160K), 3 survivors (6144K)
 Metaspace       used 19572K, committed 19712K, reserved 1073152K
  class space    used 2028K, committed 2112K, reserved 1048576K
}
Event: 4.907 GC heap after
{Heap after GC invocations=4 (full 0):
 garbage-first heap   total 251904K, used 26405K [0x000000070a000000, 0x0000000800000000)
  region size 2048K, 6 young (12288K), 6 survivors (12288K)
 Metaspace       used 19572K, committed 19712K, reserved 1073152K
  class space    used 2028K, committed 2112K, reserved 1048576K
}
Event: 5.171 GC heap before
{Heap before GC invocations=4 (full 0):
 garbage-first heap   total 251904K, used 57125K [0x000000070a000000, 0x0000000800000000)
  region size 2048K, 22 young (45056K), 6 survivors (12288K)
 Metaspace       used 21067K, committed 21248K, reserved 1073152K
  class space    used 2214K, committed 2304K, reserved 1048576K
}
Event: 5.186 GC heap after
{Heap after GC invocations=5 (full 0):
 garbage-first heap   total 251904K, used 30387K [0x000000070a000000, 0x0000000800000000)
  region size 2048K, 6 young (12288K), 6 survivors (12288K)
 Metaspace       used 21067K, committed 21248K, reserved 1073152K
  class space    used 2214K, committed 2304K, reserved 1048576K
}
Event: 5.786 GC heap before
{Heap before GC invocations=6 (full 0):
 garbage-first heap   total 116736K, used 87731K [0x000000070a000000, 0x0000000800000000)
  region size 2048K, 34 young (69632K), 6 survivors (12288K)
 Metaspace       used 26633K, committed 26880K, reserved 1081344K
  class space    used 2853K, committed 2944K, reserved 1048576K
}
Event: 5.800 GC heap after
{Heap after GC invocations=7 (full 0):
 garbage-first heap   total 116736K, used 37587K [0x000000070a000000, 0x0000000800000000)
  region size 2048K, 5 young (10240K), 5 survivors (10240K)
 Metaspace       used 26633K, committed 26880K, reserved 1081344K
  class space    used 2853K, committed 2944K, reserved 1048576K
}
Event: 6.242 GC heap before
{Heap before GC invocations=7 (full 0):
 garbage-first heap   total 116736K, used 82643K [0x000000070a000000, 0x0000000800000000)
  region size 2048K, 27 young (55296K), 5 survivors (10240K)
 Metaspace       used 28839K, committed 29120K, reserved 1081344K
  class space    used 3167K, committed 3264K, reserved 1048576K
}
Event: 6.256 GC heap after
{Heap after GC invocations=8 (full 0):
 garbage-first heap   total 116736K, used 43136K [0x000000070a000000, 0x0000000800000000)
  region size 2048K, 3 young (6144K), 3 survivors (6144K)
 Metaspace       used 28839K, committed 29120K, reserved 1081344K
  class space    used 3167K, committed 3264K, reserved 1048576K
}
Event: 10.067 GC heap before
{Heap before GC invocations=8 (full 0):
 garbage-first heap   total 116736K, used 88192K [0x000000070a000000, 0x0000000800000000)
  region size 2048K, 23 young (47104K), 3 survivors (6144K)
 Metaspace       used 31109K, committed 31360K, reserved 1081344K
  class space    used 3483K, committed 3584K, reserved 1048576K
}
Event: 10.075 GC heap after
{Heap after GC invocations=9 (full 0):
 garbage-first heap   total 151552K, used 52586K [0x000000070a000000, 0x0000000800000000)
  region size 2048K, 2 young (4096K), 2 survivors (4096K)
 Metaspace       used 31109K, committed 31360K, reserved 1081344K
  class space    used 3483K, committed 3584K, reserved 1048576K
}

Deoptimization events (20 events):
Event: 18.211 Thread 0x000001bdcec572c0 Uncommon trap: trap_request=0xffffffde fr.pc=0x000001bdb4779a94 relative=0x0000000000000f14
Event: 18.211 Thread 0x000001bdcec572c0 Uncommon trap: reason=class_check action=maybe_recompile pc=0x000001bdb4779a94 method=java.util.concurrent.ConcurrentHashMap.putVal(Ljava/lang/Object;Ljava/lang/Object;Z)Ljava/lang/Object; @ 159 c2
Event: 18.211 Thread 0x000001bdcec572c0 DEOPT PACKING pc=0x000001bdb4779a94 sp=0x0000008e9cefced0
Event: 18.211 Thread 0x000001bdcec572c0 DEOPT UNPACKING pc=0x000001bdacbcd72e sp=0x0000008e9cefce50 mode 2
Event: 18.212 Thread 0x000001bdcec572c0 Uncommon trap: trap_request=0xffffffde fr.pc=0x000001bdb4779b68 relative=0x0000000000000fe8
Event: 18.212 Thread 0x000001bdcec572c0 Uncommon trap: reason=class_check action=maybe_recompile pc=0x000001bdb4779b68 method=java.util.concurrent.ConcurrentHashMap.putVal(Ljava/lang/Object;Ljava/lang/Object;Z)Ljava/lang/Object; @ 242 c2
Event: 18.212 Thread 0x000001bdcec572c0 DEOPT PACKING pc=0x000001bdb4779b68 sp=0x0000008e9cefcd60
Event: 18.212 Thread 0x000001bdcec572c0 DEOPT UNPACKING pc=0x000001bdacbcd72e sp=0x0000008e9cefccd0 mode 2
Event: 18.213 Thread 0x000001bdcec572c0 Uncommon trap: trap_request=0xffffffde fr.pc=0x000001bdb4779b68 relative=0x0000000000000fe8
Event: 18.213 Thread 0x000001bdcec572c0 Uncommon trap: reason=class_check action=maybe_recompile pc=0x000001bdb4779b68 method=java.util.concurrent.ConcurrentHashMap.putVal(Ljava/lang/Object;Ljava/lang/Object;Z)Ljava/lang/Object; @ 242 c2
Event: 18.213 Thread 0x000001bdcec572c0 DEOPT PACKING pc=0x000001bdb4779b68 sp=0x0000008e9cefcfd0
Event: 18.213 Thread 0x000001bdcec572c0 DEOPT UNPACKING pc=0x000001bdacbcd72e sp=0x0000008e9cefcf40 mode 2
Event: 18.223 Thread 0x000001bdcec572c0 Uncommon trap: trap_request=0xffffffc6 fr.pc=0x000001bdb46f82e0 relative=0x0000000000001400
Event: 18.223 Thread 0x000001bdcec572c0 Uncommon trap: reason=bimorphic_or_optimized_type_check action=maybe_recompile pc=0x000001bdb46f82e0 method=org.aspectj.weaver.ReferenceType.isAssignableFrom(Lorg/aspectj/weaver/ResolvedType;Z)Z @ 210 c2
Event: 18.223 Thread 0x000001bdcec572c0 DEOPT PACKING pc=0x000001bdb46f82e0 sp=0x0000008e9cefa450
Event: 18.223 Thread 0x000001bdcec572c0 DEOPT UNPACKING pc=0x000001bdacbcd72e sp=0x0000008e9cefa3d8 mode 2
Event: 18.230 Thread 0x000001bdcec572c0 Uncommon trap: trap_request=0xffffff45 fr.pc=0x000001bdb47a316c relative=0x00000000000001cc
Event: 18.230 Thread 0x000001bdcec572c0 Uncommon trap: reason=unstable_if action=reinterpret pc=0x000001bdb47a316c method=java.util.concurrent.ConcurrentHashMap.get(Ljava/lang/Object;)Ljava/lang/Object; @ 76 c2
Event: 18.230 Thread 0x000001bdcec572c0 DEOPT PACKING pc=0x000001bdb47a316c sp=0x0000008e9cefd1e0
Event: 18.230 Thread 0x000001bdcec572c0 DEOPT UNPACKING pc=0x000001bdacbcd72e sp=0x0000008e9cefd158 mode 2

Classes unloaded (0 events):
No events

Classes redefined (0 events):
No events

Internal exceptions (20 events):
Event: 5.984 Thread 0x000001bdc9edcda0 Exception <a 'java/net/SocketException'{0x00000007102e50a0}: Socket is not connected: shutdown> (0x00000007102e50a0) 
thrown [t:\workspace\open\src\hotspot\share\prims\jni.cpp, line 600]
Event: 5.984 Thread 0x000001bdc9edcda0 Exception <a 'java/net/ConnectException'{0x00000007102e5900}: Connection refused: no further information> (0x00000007102e5900) 
thrown [t:\workspace\open\src\hotspot\share\prims\jni.cpp, line 600]
Event: 5.984 Thread 0x000001bdc9edcda0 Exception <a 'java/net/SocketException'{0x00000007102e5c38}: Socket is not connected: shutdown> (0x00000007102e5c38) 
thrown [t:\workspace\open\src\hotspot\share\prims\jni.cpp, line 600]
Event: 6.010 Thread 0x000001bdc9edcda0 Exception <a 'java/net/ConnectException'{0x00000007102e6498}: Connection refused: no further information> (0x00000007102e6498) 
thrown [t:\workspace\open\src\hotspot\share\prims\jni.cpp, line 600]
Event: 6.010 Thread 0x000001bdc9edcda0 Exception <a 'java/net/SocketException'{0x00000007102e67d0}: Socket is not connected: shutdown> (0x00000007102e67d0) 
thrown [t:\workspace\open\src\hotspot\share\prims\jni.cpp, line 600]
Event: 6.052 Thread 0x000001bdcec572c0 Exception <a 'java/lang/NoSuchMethodError'{0x000000070ffba598}: 'void java.lang.invoke.DirectMethodHandle$Holder.invokeStatic(java.lang.Object, java.lang.Object, int)'> (0x000000070ffba598) 
thrown [t:\workspace\open\src\hotspot\share\interpreter\linkResolver.cpp, line 790]
Event: 6.130 Thread 0x000001bdcec572c0 Exception <a 'java/lang/NoSuchMethodError'{0x000000070f4386a8}: 'int java.lang.invoke.DirectMethodHandle$Holder.invokeSpecialIFC(java.lang.Object, java.lang.Object, java.lang.Object)'> (0x000000070f4386a8) 
thrown [t:\workspace\open\src\hotspot\share\interpreter\linkResolver.cpp, line 790]
Event: 10.076 Thread 0x000001bdcec572c0 Exception <a 'java/lang/NoSuchMethodError'{0x00000007194040d0}: 'java.lang.Object java.lang.invoke.DirectMethodHandle$Holder.invokeSpecialIFC(java.lang.Object, java.lang.Object, java.lang.Object)'> (0x00000007194040d0) 
thrown [t:\workspace\open\src\hotspot\share\interpreter\linkResolver.cpp, line 790]
Event: 10.444 Thread 0x000001bdcec572c0 Exception <a 'java/lang/NoSuchMethodError'{0x0000000716f39ed8}: 'int java.lang.invoke.DirectMethodHandle$Holder.invokeInterface(java.lang.Object, java.lang.Object)'> (0x0000000716f39ed8) 
thrown [t:\workspace\open\src\hotspot\share\interpreter\linkResolver.cpp, line 790]
Event: 10.489 Thread 0x000001bdcec572c0 Exception <a 'java/lang/IncompatibleClassChangeError'{0x0000000716b23dd8}: Found class java.lang.Object, but interface was expected> (0x0000000716b23dd8) 
thrown [t:\workspace\open\src\hotspot\share\interpreter\linkResolver.cpp, line 857]
Event: 10.489 Thread 0x000001bdcec572c0 Exception <a 'java/lang/IncompatibleClassChangeError'{0x0000000716b27178}: Found class java.lang.Object, but interface was expected> (0x0000000716b27178) 
thrown [t:\workspace\open\src\hotspot\share\interpreter\linkResolver.cpp, line 857]
Event: 10.490 Thread 0x000001bdcec572c0 Exception <a 'java/lang/IncompatibleClassChangeError'{0x0000000716b2ed90}: Found class java.lang.Object, but interface was expected> (0x0000000716b2ed90) 
thrown [t:\workspace\open\src\hotspot\share\interpreter\linkResolver.cpp, line 857]
Event: 10.490 Thread 0x000001bdcec572c0 Exception <a 'java/lang/IncompatibleClassChangeError'{0x0000000716b320f0}: Found class java.lang.Object, but interface was expected> (0x0000000716b320f0) 
thrown [t:\workspace\open\src\hotspot\share\interpreter\linkResolver.cpp, line 857]
Event: 18.114 Thread 0x000001bdcec572c0 Exception <a 'java/lang/IncompatibleClassChangeError'{0x00000007122afb58}: Found class java.lang.Object, but interface was expected> (0x00000007122afb58) 
thrown [t:\workspace\open\src\hotspot\share\interpreter\linkResolver.cpp, line 857]
Event: 18.128 Thread 0x000001bdcec572c0 Exception <a 'java/lang/IncompatibleClassChangeError'{0x000000071235c578}: Found class java.lang.Object, but interface was expected> (0x000000071235c578) 
thrown [t:\workspace\open\src\hotspot\share\interpreter\linkResolver.cpp, line 857]
Event: 18.128 Thread 0x000001bdcec572c0 Exception <a 'java/lang/IncompatibleClassChangeError'{0x000000071235f830}: Found class java.lang.Object, but interface was expected> (0x000000071235f830) 
thrown [t:\workspace\open\src\hotspot\share\interpreter\linkResolver.cpp, line 857]
Event: 18.129 Thread 0x000001bdcec572c0 Exception <a 'java/lang/IncompatibleClassChangeError'{0x0000000712362b28}: Found class java.lang.Object, but interface was expected> (0x0000000712362b28) 
thrown [t:\workspace\open\src\hotspot\share\interpreter\linkResolver.cpp, line 857]
Event: 18.129 Thread 0x000001bdcec572c0 Exception <a 'java/lang/IncompatibleClassChangeError'{0x0000000712365df8}: Found class java.lang.Object, but interface was expected> (0x0000000712365df8) 
thrown [t:\workspace\open\src\hotspot\share\interpreter\linkResolver.cpp, line 857]
Event: 18.129 Thread 0x000001bdcec572c0 Exception <a 'java/lang/IncompatibleClassChangeError'{0x00000007123690f0}: Found class java.lang.Object, but interface was expected> (0x00000007123690f0) 
thrown [t:\workspace\open\src\hotspot\share\interpreter\linkResolver.cpp, line 857]
Event: 18.130 Thread 0x000001bdcec572c0 Exception <a 'sun/nio/fs/WindowsException'{0x000000071236c2b0}> (0x000000071236c2b0) 
thrown [t:\workspace\open\src\hotspot\share\prims\jni.cpp, line 579]

Events (20 events):
Event: 17.599 Executing  VM operation: ICBufferFull
Event: 17.599 Executing  VM operation: ICBufferFull done
Event: 18.115 loading class java/util/AbstractList$ListItr
Event: 18.115 loading class java/util/AbstractList$ListItr done
Event: 18.120 loading class java/util/concurrent/ConcurrentHashMap$ValueSpliterator
Event: 18.120 loading class java/util/concurrent/ConcurrentHashMap$ValueSpliterator done
Event: 18.122 loading class java/util/stream/SortedOps$RefSortingSink
Event: 18.122 loading class java/util/stream/SortedOps$RefSortingSink done
Event: 18.130 loading class java/nio/file/FileAlreadyExistsException
Event: 18.130 loading class java/nio/file/FileSystemException
Event: 18.130 loading class java/nio/file/FileSystemException done
Event: 18.130 loading class java/nio/file/FileAlreadyExistsException done
Event: 18.137 Executing  VM operation: ICBufferFull
Event: 18.137 Executing  VM operation: ICBufferFull done
Event: 18.164 Executing  VM operation: HandshakeAllThreads
Event: 18.164 Executing  VM operation: HandshakeAllThreads done
Event: 18.194 loading class org/w3c/dom/Node
Event: 18.194 loading class org/w3c/dom/Node done
Event: 18.194 loading class org/w3c/dom/Document
Event: 18.194 loading class org/w3c/dom/Document done


Dynamic libraries:
0x00007ff79c230000 - 0x00007ff79c240000 	C:\Program Files\Java\jdk-16.0.2\bin\java.exe
0x00007ff9917f0000 - 0x00007ff991a04000 	C:\WINDOWS\SYSTEM32\ntdll.dll
0x00007ff990760000 - 0x00007ff990824000 	C:\WINDOWS\System32\KERNEL32.DLL
0x00007ff98f200000 - 0x00007ff98f5a4000 	C:\WINDOWS\System32\KERNELBASE.dll
0x00007ff98ef80000 - 0x00007ff98f091000 	C:\WINDOWS\System32\ucrtbase.dll
0x00007ff95da70000 - 0x00007ff95da89000 	C:\Program Files\Java\jdk-16.0.2\bin\VCRUNTIME140.dll
0x00007ff95da90000 - 0x00007ff95daa8000 	C:\Program Files\Java\jdk-16.0.2\bin\jli.dll
0x00007ff990be0000 - 0x00007ff990c90000 	C:\WINDOWS\System32\ADVAPI32.dll
0x00007ff990340000 - 0x00007ff9903e7000 	C:\WINDOWS\System32\msvcrt.dll
0x00007ff98f700000 - 0x00007ff98f7a6000 	C:\WINDOWS\System32\sechost.dll
0x00007ff9901d0000 - 0x00007ff9902e7000 	C:\WINDOWS\System32\RPCRT4.dll
0x00007ff990840000 - 0x00007ff9909ea000 	C:\WINDOWS\System32\USER32.dll
0x00007ff973b10000 - 0x00007ff973d9f000 	C:\WINDOWS\WinSxS\amd64_microsoft.windows.common-controls_6595b64144ccf1df_6.0.22621.2070_none_2713e6537381f706\COMCTL32.dll
0x00007ff98ebd0000 - 0x00007ff98ebf6000 	C:\WINDOWS\System32\win32u.dll
0x00007ff98ffe0000 - 0x00007ff990009000 	C:\WINDOWS\System32\GDI32.dll
0x00007ff98ec00000 - 0x00007ff98ed19000 	C:\WINDOWS\System32\gdi32full.dll
0x00007ff98b960000 - 0x00007ff98b96a000 	C:\WINDOWS\SYSTEM32\VERSION.dll
0x00007ff98f0a0000 - 0x00007ff98f13a000 	C:\WINDOWS\System32\msvcp_win.dll
0x00007ff990300000 - 0x00007ff990331000 	C:\WINDOWS\System32\IMM32.DLL
0x00007ff963010000 - 0x00007ff96301c000 	C:\Program Files\Java\jdk-16.0.2\bin\vcruntime140_1.dll
0x00007ff91eb60000 - 0x00007ff91ebf1000 	C:\Program Files\Java\jdk-16.0.2\bin\msvcp140.dll
0x00007ff8dfc40000 - 0x00007ff8e07eb000 	C:\Program Files\Java\jdk-16.0.2\bin\server\jvm.dll
0x00007ff9902f0000 - 0x00007ff9902f8000 	C:\WINDOWS\System32\PSAPI.DLL
0x00007ff988250000 - 0x00007ff988284000 	C:\WINDOWS\SYSTEM32\WINMM.dll
0x00007ff975e30000 - 0x00007ff975e39000 	C:\WINDOWS\SYSTEM32\WSOCK32.dll
0x00007ff990cf0000 - 0x00007ff990d61000 	C:\WINDOWS\System32\WS2_32.dll
0x00007ff98db80000 - 0x00007ff98db98000 	C:\WINDOWS\SYSTEM32\kernel.appcore.dll
0x00007ff962740000 - 0x00007ff96274a000 	C:\Program Files\Java\jdk-16.0.2\bin\jimage.dll
0x00007ff98c6b0000 - 0x00007ff98c8de000 	C:\WINDOWS\SYSTEM32\DBGHELP.DLL
0x00007ff98f7b0000 - 0x00007ff98fb3a000 	C:\WINDOWS\System32\combase.dll
0x00007ff9915a0000 - 0x00007ff991677000 	C:\WINDOWS\System32\OLEAUT32.dll
0x00007ff986550000 - 0x00007ff986582000 	C:\WINDOWS\SYSTEM32\dbgcore.DLL
0x00007ff98ed20000 - 0x00007ff98ed9a000 	C:\WINDOWS\System32\bcryptPrimitives.dll
0x00007ff9868c0000 - 0x00007ff9868ce000 	C:\Program Files\Java\jdk-16.0.2\bin\instrument.dll
0x00007ff954bf0000 - 0x00007ff954c15000 	C:\Program Files\Java\jdk-16.0.2\bin\java.dll
0x00007ff990d80000 - 0x00007ff991596000 	C:\WINDOWS\System32\SHELL32.dll
0x00007ff98ca20000 - 0x00007ff98d30a000 	C:\WINDOWS\SYSTEM32\windows.storage.dll
0x00007ff98c8e0000 - 0x00007ff98ca1e000 	C:\WINDOWS\SYSTEM32\wintypes.dll
0x00007ff990ae0000 - 0x00007ff990bd3000 	C:\WINDOWS\System32\SHCORE.dll
0x00007ff990c90000 - 0x00007ff990cee000 	C:\WINDOWS\System32\shlwapi.dll
0x00007ff98eb00000 - 0x00007ff98eb26000 	C:\WINDOWS\SYSTEM32\profapi.dll
0x00007ff94f5a0000 - 0x00007ff94f5b8000 	C:\Program Files\Java\jdk-16.0.2\bin\zip.dll
0x00007ff954ab0000 - 0x00007ff954ac9000 	C:\Program Files\Java\jdk-16.0.2\bin\net.dll
0x00007ff9857d0000 - 0x00007ff985907000 	C:\WINDOWS\SYSTEM32\WINHTTP.dll
0x00007ff98e040000 - 0x00007ff98e0a9000 	C:\WINDOWS\system32\mswsock.dll
0x00007ff94f7b0000 - 0x00007ff94f7c3000 	C:\Program Files\Java\jdk-16.0.2\bin\nio.dll
0x00007ff96c420000 - 0x00007ff96c43a000 	D:\IntelliJ IDEA Community Edition 2023.2.1\bin\breakgen64.dll
0x00007ff95dea0000 - 0x00007ff95deb0000 	C:\Program Files\Java\jdk-16.0.2\bin\verify.dll
0x00007ff98e360000 - 0x00007ff98e37b000 	C:\WINDOWS\SYSTEM32\CRYPTSP.dll
0x00007ff98db40000 - 0x00007ff98db75000 	C:\WINDOWS\system32\rsaenh.dll
0x00007ff98e0e0000 - 0x00007ff98e10c000 	C:\WINDOWS\SYSTEM32\USERENV.dll
0x00007ff98e480000 - 0x00007ff98e4a8000 	C:\WINDOWS\SYSTEM32\bcrypt.dll
0x00007ff98e340000 - 0x00007ff98e34c000 	C:\WINDOWS\SYSTEM32\CRYPTBASE.dll
0x00007ff98d6a0000 - 0x00007ff98d6cd000 	C:\WINDOWS\SYSTEM32\IPHLPAPI.DLL
0x00007ff990ad0000 - 0x00007ff990ad9000 	C:\WINDOWS\System32\NSI.dll
0x00007ff9840d0000 - 0x00007ff9840e9000 	C:\WINDOWS\SYSTEM32\dhcpcsvc6.DLL
0x00007ff983f10000 - 0x00007ff983f2f000 	C:\WINDOWS\SYSTEM32\dhcpcsvc.DLL
0x00007ff98d6d0000 - 0x00007ff98d7c3000 	C:\WINDOWS\SYSTEM32\DNSAPI.dll
0x00007ff978d40000 - 0x00007ff978d4a000 	C:\Windows\System32\rasadhlp.dll
0x00007ff9833f0000 - 0x00007ff983474000 	C:\WINDOWS\System32\fwpuclnt.dll
0x00007ff98b9a0000 - 0x00007ff98ba37000 	C:\WINDOWS\system32\apphelp.dll
0x00007ff9866c0000 - 0x00007ff9866c9000 	C:\Program Files\Java\jdk-16.0.2\bin\management.dll
0x00007ff986690000 - 0x00007ff98669b000 	C:\Program Files\Java\jdk-16.0.2\bin\management_ext.dll
0x00007ff986680000 - 0x00007ff98668e000 	C:\Program Files\Java\jdk-16.0.2\bin\sunmscapi.dll
0x00007ff98eda0000 - 0x00007ff98ef07000 	C:\WINDOWS\System32\CRYPT32.dll
0x00007ff98e450000 - 0x00007ff98e47e000 	C:\WINDOWS\SYSTEM32\ncrypt.dll
0x00007ff98e410000 - 0x00007ff98e447000 	C:\WINDOWS\SYSTEM32\NTASN1.dll
0x00007ff976120000 - 0x00007ff976128000 	C:\WINDOWS\system32\wshunix.dll
0x00007ff98bb80000 - 0x00007ff98bb97000 	C:\WINDOWS\system32\napinsp.dll
0x00007ff986320000 - 0x00007ff98633b000 	C:\WINDOWS\system32\pnrpnsp.dll
0x00007ff986300000 - 0x00007ff986311000 	C:\WINDOWS\System32\winrnr.dll
0x00007ff9848b0000 - 0x00007ff9848c5000 	C:\WINDOWS\system32\wshbth.dll
0x00007ff9862a0000 - 0x00007ff9862c1000 	C:\WINDOWS\system32\nlansp_c.dll

dbghelp: loaded successfully - version: 4.0.5 - missing functions: none
symbol engine: initialized successfully - sym options: 0x614 - pdb path: .;C:\Program Files\Java\jdk-16.0.2\bin;C:\WINDOWS\SYSTEM32;C:\WINDOWS\WinSxS\amd64_microsoft.windows.common-controls_6595b64144ccf1df_6.0.22621.2070_none_2713e6537381f706;C:\Program Files\Java\jdk-16.0.2\bin\server;D:\IntelliJ IDEA Community Edition 2023.2.1\bin

VM Arguments:
jvm_args: -ea -javaagent:C:\Users\User\.m2\repository/org/aspectj/aspectjweaver/1.9.7/aspectjweaver-1.9.7.jar -Didea.test.cyclic.buffer.size=1048576 -javaagent:D:\IntelliJ IDEA Community Edition 2023.2.1\lib\idea_rt.jar=61988:D:\IntelliJ IDEA Community Edition 2023.2.1\bin -Dfile.encoding=UTF-8 
java_command: com.intellij.rt.junit.JUnitStarter -ideVersion5 -junit5 tests.loans.positive.CarLoansPositiveTest
java_class_path (initial): D:\IntelliJ IDEA Community Edition 2023.2.1\lib\idea_rt.jar;D:\IntelliJ IDEA Community Edition 2023.2.1\plugins\junit\lib\junit5-rt.jar;D:\IntelliJ IDEA Community Edition 2023.2.1\plugins\junit\lib\junit-rt.jar;D:\Users\User\eclipse-workspace\udemy-course2\target\test-classes;D:\Users\User\eclipse-workspace\udemy-course2\target\classes;C:\Users\User\.m2\repository\org\apache\maven\plugins\maven-compiler-plugin\3.11.0\maven-compiler-plugin-3.11.0.jar;C:\Users\User\.m2\repository\org\apache\maven\shared\maven-shared-utils\3.3.4\maven-shared-utils-3.3.4.jar;C:\Users\User\.m2\repository\commons-io\commons-io\2.6\commons-io-2.6.jar;C:\Users\User\.m2\repository\org\apache\maven\shared\maven-shared-incremental\1.1\maven-shared-incremental-1.1.jar;C:\Users\User\.m2\repository\org\codehaus\plexus\plexus-component-annotations\1.5.5\plexus-component-annotations-1.5.5.jar;C:\Users\User\.m2\repository\org\codehaus\plexus\plexus-java\1.1.2\plexus-java-1.1.2.jar;C:\Users\User\.m2\repository\org\ow2\asm\asm\9.4\asm-9.4.jar;C:\Users\User\.m2\repository\com\thoughtworks\qdox\qdox\2.0.3\qdox-2.0.3.jar;C:\Users\User\.m2\repository\org\codehaus\plexus\plexus-compiler-api\2.13.0\plexus-compiler-api-2.13.0.jar;C:\Users\User\.m2\repository\org\codehaus\plexus\plexus-utils\3.4.2\plexus-utils-3.4.2.jar;C:\Users\User\.m2\repository\org\codehaus\plexus\plexus-compiler-manager\2.13.0\plexus-compiler-manager-2.13.0.jar;C:\Users\User\.m2\repository\org\codehaus\plexus\plexus-compiler-javac\2.13.0\plexus-compiler-javac-2.13.0.jar;C:\Users\User\.m2\repository\org\junit\jupiter\junit-jupiter-engine\5.9.3\junit-jupiter-engine-5.9.3.jar;C:\Users\User\.m2\repository\org\junit\platform\junit-platform-engine\1.9.3\junit-platform-engine-1.9.3.jar;C:\Users\User\.m2\repository\org\apiguardian\apiguardian-api\1.1.2\apiguardian-api-1.1.2.jar;C:\Users\User\.m2\repository\org\junit\jupiter\junit-jupiter-api\5.9.3\junit-jupiter-api-5.9.3.jar;C:\Users\User\.m2\repository\org\opentest4
Launcher Type: SUN_STANDARD

[Global flags]
     intx CICompilerCount                          = 4                                         {product} {ergonomic}
     uint ConcGCThreads                            = 3                                         {product} {ergonomic}
     uint G1ConcRefinementThreads                  = 10                                        {product} {ergonomic}
   size_t G1HeapRegionSize                         = 2097152                                   {product} {ergonomic}
    uintx GCDrainStackTargetSize                   = 64                                        {product} {ergonomic}
   size_t InitialHeapSize                          = 257949696                                 {product} {ergonomic}
   size_t MarkStackSize                            = 4194304                                   {product} {ergonomic}
   size_t MaxHeapSize                              = 4127195136                                {product} {ergonomic}
   size_t MaxNewSize                               = 2474639360                                {product} {ergonomic}
   size_t MinHeapDeltaBytes                        = 2097152                                   {product} {ergonomic}
   size_t MinHeapSize                              = 8388608                                   {product} {ergonomic}
    uintx NonNMethodCodeHeapSize                   = 5839372                                {pd product} {ergonomic}
    uintx NonProfiledCodeHeapSize                  = 122909434                              {pd product} {ergonomic}
    uintx ProfiledCodeHeapSize                     = 122909434                              {pd product} {ergonomic}
    uintx ReservedCodeCacheSize                    = 251658240                              {pd product} {ergonomic}
     bool SegmentedCodeCache                       = true                                      {product} {ergonomic}
   size_t SoftMaxHeapSize                          = 4127195136                             {manageable} {ergonomic}
     bool UseCompressedClassPointers               = true                           {product lp64_product} {ergonomic}
     bool UseCompressedOops                        = true                           {product lp64_product} {ergonomic}
     bool UseG1GC                                  = true                                      {product} {ergonomic}
     bool UseLargePagesIndividualAllocation        = false                                  {pd product} {ergonomic}

Logging:
Log output configuration:
 #0: stdout all=warning uptime,level,tags
 #1: stderr all=off uptime,level,tags

Environment Variables:
CLASSPATH=%CLASSPATH%; JUNIT_HOME%\D:\Junit\junit-jupiter-api-5.9.2.jar
PATH=C:\Program Files\Common Files\Oracle\Java\javapath;D:\Oracle\bin;C:\Program Files (x86)\NVIDIA Corporation\PhysX\Common;c:\program files (x86)\common files\oracle\java\javapath;c:\programdata\oracle\java\javapath;c:\windows\system32;c:\windows;c:\windows\system32\wbem;c:\windows\system32\windowspowershell\v1.0\;c:\windows\system32\openssh\;c:\program files (x86)\windows kits\10\windows performance toolkit\;c:\program files (x86)\windows kits\10\microsoft application virtualization\sequencer\;C:\Program Files\NVIDIA Corporation\NVIDIA NvDLISR;C:\WINDOWS\system32;C:\WINDOWS;C:\WINDOWS\System32\Wbem;C:\WINDOWS\System32\WindowsPowerShell\v1.0\;C:\WINDOWS\System32\OpenSSH\;C:\Program Files\PuTTY\;C:\Program Files\dotnet\;C:\Program Files\nodejs\;C:\Program Files\apache-maven-3.9.3\bin;D:\Users\User\eclipse-workspace\udemy-course2\.allure\allure-2.23.0\bin;C:\Users\User\AppData\Local\Programs\Python\Launcher\;C:\Users\User\AppData\Local\Microsoft\WindowsApps;C:\Users\User\AppData\Roaming\npm
USERNAME=User
OS=Windows_NT
PROCESSOR_IDENTIFIER=AMD64 Family 23 Model 96 Stepping 1, AuthenticAMD



---------------  S Y S T E M  ---------------

OS:
 Windows 10 , 64 bit Build 22621 (10.0.22621.2070)
OS uptime: 7 days 2:58 hours
Hyper-V role detected

CPU: total 12 (initial active 12) (12 cores per cpu, 2 threads per core) family 23 model 96 stepping 1 microcode 0x0, cx8, cmov, fxsr, ht, mmx, 3dnowpref, sse, sse2, sse3, ssse3, sse4a, sse4.1, sse4.2, popcnt, lzcnt, tsc, tscinvbit, avx, avx2, aes, clmul, bmi1, bmi2, adx, sha, fma, vzeroupper, clflush, clflushopt, hv

Memory: 4k page, system-wide physical 15741M (437M free)
TotalPageFile size 28818M (AvailPageFile size 0M)
current process WorkingSet (physical memory assigned to process): 249M, peak: 281M
current process commit charge ("private bytes"): 325M, peak: 449M

vm_info: Java HotSpot(TM) 64-Bit Server VM (16.0.2+7-67) for windows-amd64 JRE (16.0.2+7-67), built on Jun  8 2021 23:24:19 by "mach5one" with MS VC++ 16.7 (VS2019)

END.
